<?xml version="1.0" encoding="UTF-8"?>
<!-- Generated by org.testng.reporters.JUnitXMLReporter -->
<testsuite hostname="VGORON-PC" name="Default test" tests="5" failures="0" timestamp="12 Feb 2014 09:48:00 GMT" time="64.732" errors="0">
  <testcase name="runTest" time="11.336" classname="testng.Test1"/>
  <testcase name="runTest" time="10.665" classname="testng.Test1"/>
  <testcase name="runTest" time="15.693" classname="testng.Test1"/>
  <testcase name="runTest" time="11.09" classname="testng.Test1"/>
  <testcase name="runTest" time="15.77" classname="testng.Test1"/>
</testsuite> <!-- Default test -->
