<?xml version="1.0" encoding="UTF-8"?>
<testng-results skipped="0" failed="0" total="3" passed="3">
  <reporter-output>
  </reporter-output>
  <suite name="Suite" duration-ms="111017" started-at="2014-02-27T13:29:18Z" finished-at="2014-02-27T13:31:09Z">
    <groups>
    </groups>
    <test name="chrome" duration-ms="98900" started-at="2014-02-27T13:29:18Z" finished-at="2014-02-27T13:30:57Z">
      <class name="testng.Test1">
        <test-method status="PASS" signature="setup(java.lang.String, java.lang.String, java.lang.String, java.lang.String)[pri:0, instance:testng.Test1@f2c03ac]" name="setup" is-config="true" duration-ms="90538" started-at="2014-02-27T14:29:18Z" finished-at="2014-02-27T14:30:49Z">
          <params>
            <param index="0">
              <value>
                <![CDATA[windows]]>
              </value>
            </param>
            <param index="1">
              <value>
                <![CDATA[chrome]]>
              </value>
            </param>
            <param index="2">
              <value>
                <![CDATA[]]>
              </value>
            </param>
            <param index="3">
              <value>
                <![CDATA[http://www.imdb.com]]>
              </value>
            </param>
          </params>
          <reporter-output>
          </reporter-output>
        </test-method> <!-- setup -->
        <test-method status="PASS" signature="runTest(java.lang.String, java.lang.String)[pri:0, instance:testng.Test1@f2c03ac]" name="runTest" duration-ms="8356" started-at="2014-02-27T14:30:49Z" finished-at="2014-02-27T14:30:57Z">
          <params>
            <param index="0">
              <value>
                <![CDATA[Desolation of smaug]]>
              </value>
            </param>
            <param index="1">
              <value>
                <![CDATA[2013]]>
              </value>
            </param>
          </params>
          <reporter-output>
          </reporter-output>
        </test-method> <!-- runTest -->
      </class> <!-- testng.Test1 -->
    </test> <!-- chrome -->
    <test name="ie" duration-ms="106090" started-at="2014-02-27T13:29:18Z" finished-at="2014-02-27T13:31:04Z">
      <class name="testng.Test1">
        <test-method status="PASS" signature="setup(java.lang.String, java.lang.String, java.lang.String, java.lang.String)[pri:0, instance:testng.Test1@67435c4c]" name="setup" is-config="true" duration-ms="98617" started-at="2014-02-27T14:29:18Z" finished-at="2014-02-27T14:30:57Z">
          <params>
            <param index="0">
              <value>
                <![CDATA[windows]]>
              </value>
            </param>
            <param index="1">
              <value>
                <![CDATA[internet explorer]]>
              </value>
            </param>
            <param index="2">
              <value>
                <![CDATA[]]>
              </value>
            </param>
            <param index="3">
              <value>
                <![CDATA[http://www.imdb.com]]>
              </value>
            </param>
          </params>
          <reporter-output>
          </reporter-output>
        </test-method> <!-- setup -->
        <test-method status="PASS" signature="runTest(java.lang.String, java.lang.String)[pri:0, instance:testng.Test1@67435c4c]" name="runTest" duration-ms="7472" started-at="2014-02-27T14:30:57Z" finished-at="2014-02-27T14:31:04Z">
          <params>
            <param index="0">
              <value>
                <![CDATA[Desolation of smaug]]>
              </value>
            </param>
            <param index="1">
              <value>
                <![CDATA[2013]]>
              </value>
            </param>
          </params>
          <reporter-output>
          </reporter-output>
        </test-method> <!-- runTest -->
      </class> <!-- testng.Test1 -->
    </test> <!-- ie -->
    <test name="firefox" duration-ms="111017" started-at="2014-02-27T13:29:18Z" finished-at="2014-02-27T13:31:09Z">
      <class name="testng.Test1">
        <test-method status="PASS" signature="setup(java.lang.String, java.lang.String, java.lang.String, java.lang.String)[pri:0, instance:testng.Test1@4edc8de9]" name="setup" is-config="true" duration-ms="104825" started-at="2014-02-27T14:29:18Z" finished-at="2014-02-27T14:31:03Z">
          <params>
            <param index="0">
              <value>
                <![CDATA[windows]]>
              </value>
            </param>
            <param index="1">
              <value>
                <![CDATA[firefox]]>
              </value>
            </param>
            <param index="2">
              <value>
                <![CDATA[]]>
              </value>
            </param>
            <param index="3">
              <value>
                <![CDATA[http://www.imdb.com]]>
              </value>
            </param>
          </params>
          <reporter-output>
          </reporter-output>
        </test-method> <!-- setup -->
        <test-method status="PASS" signature="runTest(java.lang.String, java.lang.String)[pri:0, instance:testng.Test1@4edc8de9]" name="runTest" duration-ms="6190" started-at="2014-02-27T14:31:03Z" finished-at="2014-02-27T14:31:09Z">
          <params>
            <param index="0">
              <value>
                <![CDATA[Desolation of smaug]]>
              </value>
            </param>
            <param index="1">
              <value>
                <![CDATA[2013]]>
              </value>
            </param>
          </params>
          <reporter-output>
          </reporter-output>
        </test-method> <!-- runTest -->
      </class> <!-- testng.Test1 -->
    </test> <!-- firefox -->
  </suite> <!-- Suite -->
</testng-results>
