<?xml version="1.0" encoding="UTF-8"?>
<testng-results skipped="0" failed="0" total="3" passed="3">
  <reporter-output>
  </reporter-output>
  <suite name="Suite" duration-ms="20893" started-at="2014-02-27T13:47:06Z" finished-at="2014-02-27T13:47:27Z">
    <groups>
    </groups>
    <test name="chrome" duration-ms="14200" started-at="2014-02-27T13:47:06Z" finished-at="2014-02-27T13:47:20Z">
      <class name="testng.Test1">
        <test-method status="PASS" signature="setup(java.lang.String, java.lang.String, java.lang.String, java.lang.String)[pri:0, instance:testng.Test1@1a3174f7]" name="setup" is-config="true" duration-ms="7914" started-at="2014-02-27T14:47:06Z" finished-at="2014-02-27T14:47:14Z">
          <params>
            <param index="0">
              <value>
                <![CDATA[windows]]>
              </value>
            </param>
            <param index="1">
              <value>
                <![CDATA[chrome]]>
              </value>
            </param>
            <param index="2">
              <value>
                <![CDATA[]]>
              </value>
            </param>
            <param index="3">
              <value>
                <![CDATA[http://www.imdb.com]]>
              </value>
            </param>
          </params>
          <reporter-output>
          </reporter-output>
        </test-method> <!-- setup -->
        <test-method status="PASS" signature="runTest(java.lang.String, java.lang.String)[pri:0, instance:testng.Test1@1a3174f7]" name="runTest" duration-ms="6286" started-at="2014-02-27T14:47:14Z" finished-at="2014-02-27T14:47:20Z">
          <params>
            <param index="0">
              <value>
                <![CDATA[Desolation of smaug]]>
              </value>
            </param>
            <param index="1">
              <value>
                <![CDATA[2013]]>
              </value>
            </param>
          </params>
          <reporter-output>
          </reporter-output>
        </test-method> <!-- runTest -->
      </class> <!-- testng.Test1 -->
    </test> <!-- chrome -->
    <test name="ie" duration-ms="15061" started-at="2014-02-27T13:47:06Z" finished-at="2014-02-27T13:47:21Z">
      <class name="testng.Test1">
        <test-method status="PASS" signature="setup(java.lang.String, java.lang.String, java.lang.String, java.lang.String)[pri:0, instance:testng.Test1@1276ff65]" name="setup" is-config="true" duration-ms="6855" started-at="2014-02-27T14:47:06Z" finished-at="2014-02-27T14:47:13Z">
          <params>
            <param index="0">
              <value>
                <![CDATA[windows]]>
              </value>
            </param>
            <param index="1">
              <value>
                <![CDATA[internet explorer]]>
              </value>
            </param>
            <param index="2">
              <value>
                <![CDATA[]]>
              </value>
            </param>
            <param index="3">
              <value>
                <![CDATA[http://www.imdb.com]]>
              </value>
            </param>
          </params>
          <reporter-output>
          </reporter-output>
        </test-method> <!-- setup -->
        <test-method status="PASS" signature="runTest(java.lang.String, java.lang.String)[pri:0, instance:testng.Test1@1276ff65]" name="runTest" duration-ms="8165" started-at="2014-02-27T14:47:13Z" finished-at="2014-02-27T14:47:21Z">
          <params>
            <param index="0">
              <value>
                <![CDATA[Desolation of smaug]]>
              </value>
            </param>
            <param index="1">
              <value>
                <![CDATA[2013]]>
              </value>
            </param>
          </params>
          <reporter-output>
          </reporter-output>
        </test-method> <!-- runTest -->
      </class> <!-- testng.Test1 -->
    </test> <!-- ie -->
    <test name="firefox" duration-ms="20893" started-at="2014-02-27T13:47:06Z" finished-at="2014-02-27T13:47:27Z">
      <class name="testng.Test1">
        <test-method status="PASS" signature="setup(java.lang.String, java.lang.String, java.lang.String, java.lang.String)[pri:0, instance:testng.Test1@15726ac1]" name="setup" is-config="true" duration-ms="15431" started-at="2014-02-27T14:47:06Z" finished-at="2014-02-27T14:47:21Z">
          <params>
            <param index="0">
              <value>
                <![CDATA[windows]]>
              </value>
            </param>
            <param index="1">
              <value>
                <![CDATA[firefox]]>
              </value>
            </param>
            <param index="2">
              <value>
                <![CDATA[]]>
              </value>
            </param>
            <param index="3">
              <value>
                <![CDATA[http://www.imdb.com]]>
              </value>
            </param>
          </params>
          <reporter-output>
          </reporter-output>
        </test-method> <!-- setup -->
        <test-method status="PASS" signature="runTest(java.lang.String, java.lang.String)[pri:0, instance:testng.Test1@15726ac1]" name="runTest" duration-ms="5462" started-at="2014-02-27T14:47:21Z" finished-at="2014-02-27T14:47:27Z">
          <params>
            <param index="0">
              <value>
                <![CDATA[Desolation of smaug]]>
              </value>
            </param>
            <param index="1">
              <value>
                <![CDATA[2013]]>
              </value>
            </param>
          </params>
          <reporter-output>
          </reporter-output>
        </test-method> <!-- runTest -->
      </class> <!-- testng.Test1 -->
    </test> <!-- firefox -->
  </suite> <!-- Suite -->
</testng-results>
