<?xml version="1.0" encoding="UTF-8"?>
<!-- Generated by org.testng.reporters.JUnitXMLReporter -->
<testsuite hostname="VGORON-PC" name="Test Case1" tests="5" failures="0" timestamp="12 Feb 2014 09:10:13 GMT" time="57.663" errors="0">
  <testcase name="runTest" time="10.804" classname="testng.Test1"/>
  <testcase name="runTest" time="10.918" classname="testng.Test1"/>
  <testcase name="runTest" time="15.456" classname="testng.Test1"/>
  <testcase name="runTest" time="9.443" classname="testng.Test1"/>
  <testcase name="runTest" time="10.859" classname="testng.Test1"/>
</testsuite> <!-- Test Case1 -->
